Vivado Simulator v2023.2
Copyright 1986-2022 Xilinx, Inc. All Rights Reserved.
Copyright 2022-2023 Advanced Micro Devices, Inc. All Rights Reserved.
Running: C:/Xilinx/Vivado/2023.2/bin/unwrapped/win64.o/xelab.exe --incr --debug typical --relax --mt 2 -L xil_defaultlib -L unisims_ver -L secureip --snapshot Test_func_synth xil_defaultlib.Test xil_defaultlib.glbl -log elaborate.log 
Using 2 slave threads.
Starting static elaboration
Pass Through NonSizing Optimizer
Completed static elaboration
Starting simulation data flow analysis
Completed simulation data flow analysis
Time Resolution for simulation is 1ps
Compiling module xil_defaultlib.Register
Compiling module xil_defaultlib.Alu
Compiling module xil_defaultlib.Control
Compiling module xil_defaultlib.IO
Compiling module unisims_ver.GND
Compiling module unisims_ver.LUT6
Compiling module unisims_ver.LUT5
Compiling module unisims_ver.MUXF7
Compiling module unisims_ver.FDRE_default
Compiling module unisims_ver.RB36_INTERNAL_VLOG(DOA_REG=1,RDA...
Compiling module unisims_ver.RAMB36E1(DOA_REG=1,INIT_00=256'b...
Compiling module unisims_ver.RB36_INTERNAL_VLOG(DOA_REG=1,RDA...
Compiling module unisims_ver.RAMB36E1(DOA_REG=1,RDADDR_COLLIS...
Compiling module unisims_ver.RB18_INTERNAL_VLOG(DOA_REG=1,RDA...
Compiling module unisims_ver.RAMB18E1(DOA_REG=1,RDADDR_COLLIS...
Compiling module xil_defaultlib.blk_mem_gen_0
Compiling module xil_defaultlib.Test
Compiling module xil_defaultlib.glbl
Built simulation snapshot Test_func_synth
