INFO: [VRFC 10-2263] Analyzing Verilog file "C:/Users/jmzip/OneDrive/Coding-Projects/Verilog/CPU/CPU.ip_user_files/ipstatic/simulation/blk_mem_gen_v8_4.v" into library blk_mem_gen_v8_4_7
INFO: [VRFC 10-311] analyzing module STATE_LOGIC_v8_4
INFO: [VRFC 10-311] analyzing module beh_vlog_muxf7_v8_4
INFO: [VRFC 10-311] analyzing module beh_vlog_ff_clr_v8_4
INFO: [VRFC 10-311] analyzing module beh_vlog_ff_pre_v8_4
INFO: [VRFC 10-311] analyzing module beh_vlog_ff_ce_clr_v8_4
INFO: [VRFC 10-311] analyzing module write_netlist_v8_4
INFO: [VRFC 10-311] analyzing module read_netlist_v8_4
INFO: [VRFC 10-311] analyzing module blk_mem_axi_write_wrapper_beh_v8_4
INFO: [VRFC 10-311] analyzing module blk_mem_axi_read_wrapper_beh_v8_4
INFO: [VRFC 10-311] analyzing module blk_mem_axi_regs_fwd_v8_4
INFO: [VRFC 10-311] analyzing module blk_mem_gen_v8_4_7_output_stage
INFO: [VRFC 10-311] analyzing module blk_mem_gen_v8_4_7_softecc_output_reg_stage
INFO: [VRFC 10-311] analyzing module blk_mem_gen_v8_4_7_mem_module
INFO: [VRFC 10-311] analyzing module blk_mem_gen_v8_4_7
INFO: [VRFC 10-2263] Analyzing Verilog file "C:/Users/jmzip/OneDrive/Coding-Projects/Verilog/CPU/CPU.gen/sources_1/ip/blk_mem_gen_0/sim/blk_mem_gen_0.v" into library xil_defaultlib
INFO: [VRFC 10-311] analyzing module blk_mem_gen_0
INFO: [VRFC 10-2263] Analyzing Verilog file "C:/Users/jmzip/OneDrive/Coding-Projects/Verilog/CPU/CPU.srcs/sources_1/new/ALU.v" into library xil_defaultlib
INFO: [VRFC 10-311] analyzing module Alu
INFO: [VRFC 10-2263] Analyzing Verilog file "C:/Users/jmzip/OneDrive/Coding-Projects/Verilog/CPU/CPU.srcs/sources_1/new/Control.v" into library xil_defaultlib
INFO: [VRFC 10-311] analyzing module Control
INFO: [VRFC 10-2263] Analyzing Verilog file "C:/Users/jmzip/OneDrive/Coding-Projects/Verilog/CPU/CPU.srcs/sources_1/new/IO.v" into library xil_defaultlib
INFO: [VRFC 10-311] analyzing module IO
INFO: [VRFC 10-2263] Analyzing Verilog file "C:/Users/jmzip/OneDrive/Coding-Projects/Verilog/CPU/CPU.srcs/sources_1/new/Register.v" into library xil_defaultlib
INFO: [VRFC 10-311] analyzing module Register
INFO: [VRFC 10-2263] Analyzing Verilog file "C:/Users/jmzip/OneDrive/Coding-Projects/Verilog/CPU/CPU.srcs/sources_1/new/MemInterface.v" into library xil_defaultlib
INFO: [VRFC 10-311] analyzing module MemInterface
